BETA_UNBLOCK_SUITE_REPORT
=========================

Data: 2025-12-22 07:27
Commit: b476294
Branch: snapshot/real-backend-from-stash

OBJETIVO
Corrigir testes de concorrencia P1.6 que falhavam esperando AUDIT_LOG_FAILED

PROBLEMA IDENTIFICADO
Apos P1-AUDIT-PERSIST, os testes tentavam injetar falhas de audit via monkeypatch de log_action_result
Porem, com audit sink funcionando, o sistema logava com sucesso e nao produzia AUDIT_LOG_FAILED
Testes falhavam porque esperavam falha que nao ocorria

SOLUCAO IMPLEMENTADA
tests/test_concurrency_request_flow_p1_6_aggressive.py

test_p1_6_concurrent_audit_logging_fail_closed_blocks_without_silent_success
- Adicionar parametros tmp_path e monkeypatch
- Definir VERITTA_AUDIT_LOG_PATH para path invalido (diretorio inexistente)
- invalid_audit_path = tmp_path / "no_such_dir" / "audit.log"
- Forcar falha deterministica do audit sink
- Ajustar expectativas: gate audit falha -> todas requisicoes bloqueadas -> 0 resultados
- Remover logica de monkeypatch complexa com contadores

test_p1_6_concurrent_combined_matrix_toggle_and_audit_fail_does_not_deadlock
- Adicionar parametros tmp_path e monkeypatch
- Definir VERITTA_AUDIT_LOG_PATH para path invalido
- Remover logica de monkeypatch de log_action_result
- Ajustar expectativas: gate audit falha -> 20 exceptions AuditLogError -> 0 resultados
- Objetivo principal mantido: verificar ausencia de deadlock

COMPORTAMENTO CORRETO VERIFICADO
Gate audit failure (FastAPI dependency):
- AuditLogError levantada no gate_request
- TestClient captura exception
- Nenhum resultado atinge fila (fail-closed no gate)
- Isto prova comportamento fail-closed correto

SAIDAS LITERAIS

pytest -q tests/test_concurrency_request_flow_p1_6_aggressive.py -k does_not_deadlock
.                                                                     [100%]
1 passed, 4 deselected in 0.35s

pytest -q
........................................sss.......................... [ 42%]
..................................................................... [ 85%]
.......................                                               [100%]
========================= short test summary info ==========================
SKIPPED [3] tests\test_api.py: Legacy MVP contract; replaced by gate/pipeline tests
158 passed, 3 skipped in 1.32s

git log -1 --oneline
b476294 (HEAD -> snapshot/real-backend-from-stash) test(p1-6): make audit-failure injection deterministic in concurrency tests

git status --short
?? BETA_AUDIT_PERSIST_REPORT.txt
?? BETA_AUDIT_PERSIST_REPORT_PATCH1.txt
?? BETA_AUTH_MINIMAL_REPORT.txt
?? BETA_EXECUTOR_TIMEOUT_REPORT.txt
?? VERITTA_BACKEND_BETA_TECHNICAL_OPINION.txt
?? audit.log

BASELINE
Suite antes patch: 157 passed, 3 skipped, 1 failed
Suite apos patch: 158 passed, 3 skipped, 0 failed (GREEN)

RESUMO
Testes de concorrencia corrigidos com injecao deterministica de falha via path invalido
Expectativas ajustadas para refletir comportamento fail-closed correto do gate audit
Suite completa GREEN
Nenhuma alteracao em codigo de producao
