============================= test session starts ==============================
platform linux -- Python 3.10.12, pytest-9.0.2, pluggy-1.6.0
rootdir: /mnt/d/Projects/techno-os-backend
configfile: pytest.ini
plugins: cov-6.0.0, anyio-4.12.0
collected 19 items

tests/test_preferences.py ........FFFFFFFF...                            [100%]

=========================== short test summary info ============================
FAILED tests/test_preferences.py::test_get_user_from_gate_success - Failed: a...
FAILED tests/test_preferences.py::test_get_user_from_gate_missing_header - Fa...
FAILED tests/test_preferences.py::test_get_preferences_not_found - Failed: as...
FAILED tests/test_preferences.py::test_get_preferences_existing - Failed: asy...
FAILED tests/test_preferences.py::test_put_preferences_create - Failed: async...
FAILED tests/test_preferences.py::test_put_preferences_update - Failed: async...
FAILED tests/test_preferences.py::test_put_preferences_partial_update - Faile...
FAILED tests/test_preferences.py::test_put_preferences_reject_user_id_in_payload
========================= 8 failed, 11 passed in 0.48s =========================
