============================= test session starts ==============================
platform linux -- Python 3.10.12, pytest-9.0.2, pluggy-1.6.0 -- /usr/bin/python3
cachedir: .pytest_cache
rootdir: /mnt/d/Projects/techno-os-backend
configfile: pytest.ini
plugins: cov-6.0.0, anyio-4.12.0
collecting ... collected 8 items

tests/test_f9_9_c_integration.py::test_circuit_breaker_opens_after_3_failures PASSED [ 12%]
tests/test_f9_9_c_integration.py::test_circuit_breaker_blocks_when_open PASSED [ 25%]
tests/test_f9_9_c_integration.py::test_circuit_breaker_half_open_after_timeout PASSED [ 37%]
tests/test_f9_9_c_integration.py::test_retry_on_429_error PASSED         [ 50%]
tests/test_f9_9_c_integration.py::test_retry_max_2_attempts PASSED       [ 62%]
tests/test_f9_9_c_integration.py::test_no_retry_on_timeout PASSED        [ 75%]
tests/test_f9_9_c_integration.py::test_timeout_policy_30s PASSED         [ 87%]
tests/test_f9_9_c_integration.py::test_executor_respects_policy_timeout PASSED [100%]

============================== 8 passed in 5.93s ===============================
